<?xml version="1.0" encoding="UTF-8"?>
<testng-results ignored="0" total="1" passed="1" failed="0" skipped="0">
  <reporter-output>
  </reporter-output>
  <suite started-at="2024-02-01T03:01:27 EST" name="Default suite" finished-at="2024-02-01T03:01:40 EST" duration-ms="12330">
    <groups>
    </groups>
    <test started-at="2024-02-01T03:01:27 EST" name="Default test" finished-at="2024-02-01T03:01:40 EST" duration-ms="12330">
      <class name="variousConcepts.CRMTEST">
        <test-method is-config="true" signature="init()[pri:0, instance:variousConcepts.CRMTEST@f736069]" started-at="2024-02-01T03:01:27 EST" name="init" finished-at="2024-02-01T03:01:31 EST" duration-ms="3608" status="PASS">
          <reporter-output>
          </reporter-output>
        </test-method> <!-- init -->
        <test-method signature="testLogin()[pri:0, instance:variousConcepts.CRMTEST@f736069]" started-at="2024-02-01T03:01:31 EST" name="testLogin" finished-at="2024-02-01T03:01:40 EST" duration-ms="8548" status="PASS">
          <reporter-output>
          </reporter-output>
        </test-method> <!-- testLogin -->
        <test-method is-config="true" signature="tearDown()[pri:0, instance:variousConcepts.CRMTEST@f736069]" started-at="2024-02-01T03:01:40 EST" name="tearDown" finished-at="2024-02-01T03:01:40 EST" duration-ms="158" status="PASS">
          <reporter-output>
          </reporter-output>
        </test-method> <!-- tearDown -->
      </class> <!-- variousConcepts.CRMTEST -->
    </test> <!-- Default test -->
  </suite> <!-- Default suite -->
</testng-results>
